------- FILE src/up.asm LEVEL 1 PASS 2
      1  10000 ????						;;;;;;;;;;;;;;;;;;;;;;;;;;;;;;;;;;;;;;;;;;;;;;;;;;;;;;;;;;;;;;;
      2  10000 ????						; UP 1 WAY - Atari 2600 port (4K cart)
      3  10000 ????						;
      4  10000 ????						; Milestone 3 (+ edge-to-edge positioning rework):
      5  10000 ????						;   - 6 platform bands (playfield, COLUPF swaps).
      6  10000 ????						;   - Player (GRP0) drawn on its current floor band (jump-up input).
      7  10000 ????						;   - Gaps are Missile 0, repositioned per band, coloured the
      8  10000 ????						;     background so they cut a hole through the platform.
      9  10000 ????						;   - Player falls one tier when a gap scrolls under it.
     10  10000 ????						;
     11  10000 ????						; Horizontal positioning (gaps / enemy) uses the cycle-74 HMOVE
     12  10000 ????						; technique (after examples/hmove74.asm, by Omegamatrix):
     13  10000 ????						;   - In overscan a "quickPos" byte is precomputed per object
     14  10000 ????						;     (= HMOVE fine nibble | jump-table delay count).
     15  10000 ????						;   - In the kernel the object is positioned in ONE scanline: a
     16  10000 ????						;     short delay loop + an indirect jump into a RESxx strobe table
     17  10000 ????						;     that ends with `sta HMOVE` at cycle ~74. The cycle-74 HMOVE
     18  10000 ????						;     positions cleanly edge-to-edge (incl. x=0, strobe in HBLANK)
     19  10000 ????						;     and hides the HMOVE "comb" in the next line's HBLANK.
     20  10000 ????						;   The static player is positioned once at init with the plain
     21  10000 ????						;   divide-by-15 routine (off-screen, timing not critical).
     22  10000 ????						;
     23  10000 ????						; Timing:
     24  10000 ????						;   VSYNC	3   (VERTICAL_SYNC)
     25  10000 ????						;   VBLANK    36   (WSYNC loop)
     26  10000 ????						;   visible  192   (HUD 12 + 6 bands * 30, all WSYNC-exact)
     27  10000 ????						;   overscan ~30   (TIM64T timer; input + world update + precompute)
     28  10000 ????						;;;;;;;;;;;;;;;;;;;;;;;;;;;;;;;;;;;;;;;;;;;;;;;;;;;;;;;;;;;;;;;
     29  10000 ????
     30  10000 ????				       processor	6502
------- FILE vcs.h LEVEL 2 PASS 2
      0  10000 ????				       include	"vcs.h"
      1  10000 ????						; VCS.H
      2  10000 ????						; Version 1.05, 13/November/2003
      3  10000 ????
      4  10000 ????		00 69	    VERSION_VCS =	105
      5  10000 ????
      6  10000 ????						; THIS IS A PRELIMINARY RELEASE OF *THE* "STANDARD" VCS.H
      7  10000 ????						; THIS FILE IS EXPLICITLY SUPPORTED AS A DASM-PREFERRED COMPANION FILE
      8  10000 ????						; PLEASE DO *NOT* REDISTRIBUTE THIS FILE!
      9  10000 ????						;
     10  10000 ????						; This file defines hardware registers and memory mapping for the
     11  10000 ????						; Atari 2600. It is distributed as a companion machine-specific support package
     12  10000 ????						; for the DASM compiler. Updates to this file, DASM, and associated tools are
     13  10000 ????						; available at at http://www.atari2600.org/dasm
     14  10000 ????						;
     15  10000 ????						; Many thanks to the original author(s) of this file, and to everyone who has
     16  10000 ????						; contributed to understanding the Atari 2600.  If you take issue with the
     17  10000 ????						; contents, or naming of registers, please write to me (atari2600@taswegian.com)
     18  10000 ????						; with your views.  Please contribute, if you think you can improve this
     19  10000 ????						; file!
     20  10000 ????						;
     21  10000 ????						; Latest Revisions...
     22  10000 ????						; 1.05  13/NOV/2003	  - Correction to 1.04 - now functions as requested by MR.
     23  10000 ????						;			  - Added VERSION_VCS equate (which will reflect 100x version #)
     24  10000 ????						;			    This will allow conditional code to verify VCS.H being
     25  10000 ????						;			    used for code assembly.
     26  10000 ????						; 1.04  12/NOV/2003	 Added TIA_BASE_WRITE_ADDRESS and TIA_BASE_READ_ADDRESS for
     27  10000 ????						;			 convenient disassembly/reassembly compatibility for hardware
     28  10000 ????						;			 mirrored reading/writing differences.	This is more a
     29  10000 ????						;			 readability issue, and binary compatibility with disassembled
     30  10000 ????						;			 and reassembled sources.  Per Manuel Rotschkar's suggestion.
     31  10000 ????						; 1.03  12/MAY/2003	 Added SEG segment at end of file to fix old-code compatibility
     32  10000 ????						;			 which was broken by the use of segments in this file, as
     33  10000 ????						;			 reported by Manuel Polik on [stella] 11/MAY/2003
     34  10000 ????						; 1.02  22/MAR/2003	 Added TIMINT($285)
     35  10000 ????						; 1.01				Constant offset added to allow use for 3F-style bankswitching
     36  10000 ????						;						 - define TIA_BASE_ADDRESS as $40 for Tigervision carts, otherwise
     37  10000 ????						;						   it is safe to leave it undefined, and the base address will
     38  10000 ????						;						   be set to 0.  Thanks to Eckhard Stolberg for the suggestion.
     39  10000 ????						;			    Note, may use -DLABEL=EXPRESSION to define TIA_BASE_ADDRESS
     40  10000 ????						;			  - register definitions are now generated through assignment
     41  10000 ????						;			    in uninitialised segments.	This allows a changeable base
     42  10000 ????						;			    address architecture.
     43  10000 ????						; 1.0	22/MAR/2003		Initial release
     44  10000 ????
     45  10000 ????
     46  10000 ????						;-------------------------------------------------------------------------------
     47  10000 ????
     48  10000 ????						; TIA_BASE_ADDRESS
     49  10000 ????						; The TIA_BASE_ADDRESS defines the base address of access to TIA registers.
     50  10000 ????						; Normally 0, the base address should (externally, before including this file)
     51  10000 ????						; be set to $40 when creating 3F-bankswitched (and other?) cartridges.
     52  10000 ????						; The reason is that this bankswitching scheme treats any access to locations
     53  10000 ????						; < $40 as a bankswitch.
     54  10000 ????
     55  10000 ????			   -	       IFNCONST	TIA_BASE_ADDRESS
     56  10000 ????			   -TIA_BASE_ADDRESS =	0
     57  10000 ????				       ENDIF
     58  10000 ????
     59  10000 ????						; Note: The address may be defined on the command-line using the -D switch, eg:
     60  10000 ????						; dasm.exe code.asm -DTIA_BASE_ADDRESS=$40 -f3 -v5 -ocode.bin
     61  10000 ????						; *OR* by declaring the label before including this file, eg:
     62  10000 ????						; TIA_BASE_ADDRESS = $40
     63  10000 ????						;   include "vcs.h"
     64  10000 ????
     65  10000 ????						; Alternate read/write address capability - allows for some disassembly compatibility
     66  10000 ????						; usage ; to allow reassembly to binary perfect copies).  This is essentially catering
     67  10000 ????						; for the mirrored ROM hardware registers.
     68  10000 ????
     69  10000 ????						; Usage: As per above, define the TIA_BASE_READ_ADDRESS and/or TIA_BASE_WRITE_ADDRESS
     70  10000 ????						; using the -D command-line switch, as required.  If the addresses are not defined,
     71  10000 ????						; they defaut to the TIA_BASE_ADDRESS.
     72  10000 ????
     73  10000 ????			   -	       IFNCONST	TIA_BASE_READ_ADDRESS
     74  10000 ????			   -TIA_BASE_READ_ADDRESS =	TIA_BASE_ADDRESS
     75  10000 ????				       ENDIF
     76  10000 ????
     77  10000 ????			   -	       IFNCONST	TIA_BASE_WRITE_ADDRESS
     78  10000 ????			   -TIA_BASE_WRITE_ADDRESS =	TIA_BASE_ADDRESS
     79  10000 ????				       ENDIF
     80  10000 ????
     81  10000 ????						;-------------------------------------------------------------------------------
     82  10000 ????
     83 U002d ????				      SEG.U	TIA_REGISTERS_WRITE
     84 U0000					      ORG	TIA_BASE_WRITE_ADDRESS
     85 U0000
     86 U0000							; DO NOT CHANGE THE RELATIVE ORDERING OF REGISTERS!
     87 U0000
     88 U0000		       00	   VSYNC      ds	1	; $00	 0000 00x0   Vertical Sync Set-Clear
     89 U0001		       00	   VBLANK     ds	1	; $01	 xx00 00x0   Vertical Blank Set-Clear
     90 U0002		       00	   WSYNC      ds	1	; $02	 ---- ----   Wait for Horizontal Blank
     91 U0003		       00	   RSYNC      ds	1	; $03	 ---- ----   Reset Horizontal Sync Counter
     92 U0004		       00	   NUSIZ0     ds	1	; $04	 00xx 0xxx   Number-Size player/missle 0
     93 U0005		       00	   NUSIZ1     ds	1	; $05	 00xx 0xxx   Number-Size player/missle 1
     94 U0006		       00	   COLUP0     ds	1	; $06	 xxxx xxx0   Color-Luminance Player 0
     95 U0007		       00	   COLUP1     ds	1	; $07	 xxxx xxx0   Color-Luminance Player 1
     96 U0008		       00	   COLUPF     ds	1	; $08	 xxxx xxx0   Color-Luminance Playfield
     97 U0009		       00	   COLUBK     ds	1	; $09	 xxxx xxx0   Color-Luminance Background
     98 U000a		       00	   CTRLPF     ds	1	; $0A	 00xx 0xxx   Control Playfield, Ball, Collisions
     99 U000b		       00	   REFP0      ds	1	; $0B	 0000 x000   Reflection Player 0
    100 U000c		       00	   REFP1      ds	1	; $0C	 0000 x000   Reflection Player 1
    101 U000d		       00	   PF0	      ds	1	; $0D	 xxxx 0000   Playfield Register Byte 0
    102 U000e		       00	   PF1	      ds	1	; $0E	 xxxx xxxx   Playfield Register Byte 1
    103 U000f		       00	   PF2	      ds	1	; $0F	 xxxx xxxx   Playfield Register Byte 2
    104 U0010		       00	   RESP0      ds	1	; $10	 ---- ----   Reset Player 0
    105 U0011		       00	   RESP1      ds	1	; $11	 ---- ----   Reset Player 1
    106 U0012		       00	   RESM0      ds	1	; $12	 ---- ----   Reset Missle 0
    107 U0013		       00	   RESM1      ds	1	; $13	 ---- ----   Reset Missle 1
    108 U0014		       00	   RESBL      ds	1	; $14	 ---- ----   Reset Ball
    109 U0015		       00	   AUDC0      ds	1	; $15	 0000 xxxx   Audio Control 0
    110 U0016		       00	   AUDC1      ds	1	; $16	 0000 xxxx   Audio Control 1
    111 U0017		       00	   AUDF0      ds	1	; $17	 000x xxxx   Audio Frequency 0
    112 U0018		       00	   AUDF1      ds	1	; $18	 000x xxxx   Audio Frequency 1
    113 U0019		       00	   AUDV0      ds	1	; $19	 0000 xxxx   Audio Volume 0
    114 U001a		       00	   AUDV1      ds	1	; $1A	 0000 xxxx   Audio Volume 1
    115 U001b		       00	   GRP0       ds	1	; $1B	 xxxx xxxx   Graphics Register Player 0
    116 U001c		       00	   GRP1       ds	1	; $1C	 xxxx xxxx   Graphics Register Player 1
    117 U001d		       00	   ENAM0      ds	1	; $1D	 0000 00x0   Graphics Enable Missle 0
    118 U001e		       00	   ENAM1      ds	1	; $1E	 0000 00x0   Graphics Enable Missle 1
    119 U001f		       00	   ENABL      ds	1	; $1F	 0000 00x0   Graphics Enable Ball
    120 U0020		       00	   HMP0       ds	1	; $20	 xxxx 0000   Horizontal Motion Player 0
    121 U0021		       00	   HMP1       ds	1	; $21	 xxxx 0000   Horizontal Motion Player 1
    122 U0022		       00	   HMM0       ds	1	; $22	 xxxx 0000   Horizontal Motion Missle 0
    123 U0023		       00	   HMM1       ds	1	; $23	 xxxx 0000   Horizontal Motion Missle 1
    124 U0024		       00	   HMBL       ds	1	; $24	 xxxx 0000   Horizontal Motion Ball
    125 U0025		       00	   VDELP0     ds	1	; $25	 0000 000x   Vertical Delay Player 0
    126 U0026		       00	   VDELP1     ds	1	; $26	 0000 000x   Vertical Delay Player 1
    127 U0027		       00	   VDELBL     ds	1	; $27	 0000 000x   Vertical Delay Ball
    128 U0028		       00	   RESMP0     ds	1	; $28	 0000 00x0   Reset Missle 0 to Player 0
    129 U0029		       00	   RESMP1     ds	1	; $29	 0000 00x0   Reset Missle 1 to Player 1
    130 U002a		       00	   HMOVE      ds	1	; $2A	 ---- ----   Apply Horizontal Motion
    131 U002b		       00	   HMCLR      ds	1	; $2B	 ---- ----   Clear Horizontal Move Registers
    132 U002c		       00	   CXCLR      ds	1	; $2C	 ---- ----   Clear Collision Latches
    133 U002d
    134 U002d							;-------------------------------------------------------------------------------
    135 U002d
    136 U000e ????				      SEG.U	TIA_REGISTERS_READ
    137 U0000					      ORG	TIA_BASE_READ_ADDRESS
    138 U0000
    139 U0000							;											bit 7	 bit 6
    140 U0000		       00	   CXM0P      ds	1	; $00	     xx00 0000	     Read Collision  M0-P1   M0-P0
    141 U0001		       00	   CXM1P      ds	1	; $01	     xx00 0000			     M1-P0   M1-P1
    142 U0002		       00	   CXP0FB     ds	1	; $02	     xx00 0000			     P0-PF   P0-BL
    143 U0003		       00	   CXP1FB     ds	1	; $03	     xx00 0000			     P1-PF   P1-BL
    144 U0004		       00	   CXM0FB     ds	1	; $04	     xx00 0000			     M0-PF   M0-BL
    145 U0005		       00	   CXM1FB     ds	1	; $05	     xx00 0000			     M1-PF   M1-BL
    146 U0006		       00	   CXBLPF     ds	1	; $06	     x000 0000			     BL-PF   -----
    147 U0007		       00	   CXPPMM     ds	1	; $07	     xx00 0000			     P0-P1   M0-M1
    148 U0008		       00	   INPT0      ds	1	; $08	     x000 0000	     Read Pot Port 0
    149 U0009		       00	   INPT1      ds	1	; $09	     x000 0000	     Read Pot Port 1
    150 U000a		       00	   INPT2      ds	1	; $0A	     x000 0000	     Read Pot Port 2
    151 U000b		       00	   INPT3      ds	1	; $0B	     x000 0000	     Read Pot Port 3
    152 U000c		       00	   INPT4      ds	1	; $0C		x000 0000	 Read Input (Trigger) 0
    153 U000d		       00	   INPT5      ds	1	; $0D		x000 0000	 Read Input (Trigger) 1
    154 U000e
    155 U000e							;-------------------------------------------------------------------------------
    156 U000e
    157 U0298 ????				      SEG.U	RIOT
    158 U0280					      ORG	$280
    159 U0280
    160 U0280							; RIOT MEMORY MAP
    161 U0280
    162 U0280		       00	   SWCHA      ds	1	; $280      Port A data register for joysticks:
    163 U0281							;			Bits 4-7 for player 1.  Bits 0-3 for player 2.
    164 U0281
    165 U0281		       00	   SWACNT     ds	1	; $281      Port A data direction register (DDR)
    166 U0282		       00	   SWCHB      ds	1	; $282		Port B data (console switches)
    167 U0283		       00	   SWBCNT     ds	1	; $283      Port B DDR
    168 U0284		       00	   INTIM      ds	1	; $284		Timer output
    169 U0285
    170 U0285		       00	   TIMINT     ds	1	; $285
    171 U0286
    172 U0286							; Unused/undefined registers ($285-$294)
    173 U0286
    174 U0286		       00		      ds	1	; $286
    175 U0287		       00		      ds	1	; $287
    176 U0288		       00		      ds	1	; $288
    177 U0289		       00		      ds	1	; $289
    178 U028a		       00		      ds	1	; $28A
    179 U028b		       00		      ds	1	; $28B
    180 U028c		       00		      ds	1	; $28C
    181 U028d		       00		      ds	1	; $28D
    182 U028e		       00		      ds	1	; $28E
    183 U028f		       00		      ds	1	; $28F
    184 U0290		       00		      ds	1	; $290
    185 U0291		       00		      ds	1	; $291
    186 U0292		       00		      ds	1	; $292
    187 U0293		       00		      ds	1	; $293
    188 U0294
    189 U0294		       00	   TIM1T      ds	1	; $294		set 1 clock interval
    190 U0295		       00	   TIM8T      ds	1	; $295      set 8 clock interval
    191 U0296		       00	   TIM64T     ds	1	; $296      set 64 clock interval
    192 U0297		       00	   T1024T     ds	1	; $297      set 1024 clock interval
    193 U0298
    194 U0298							;-------------------------------------------------------------------------------
    195 U0298							; The following required for back-compatibility with code which does not use
    196 U0298							; segments.
    197 U0298
    198  0000 ????				      SEG
    199  0000 ????
    200  0000 ????						; EOF
    201  0000 ????
------- FILE src/up.asm
------- FILE macro.h LEVEL 2 PASS 2
      0  0000 ????				      include	"macro.h"
      1  0000 ????						; MACRO.H
      2  0000 ????						; Version 1.06, 3/SEPTEMBER/2004
      3  0000 ????
      4  0000 ????	       00 6a	   VERSION_MACRO =	106
      5  0000 ????
      6  0000 ????						;
      7  0000 ????						; THIS FILE IS EXPLICITLY SUPPORTED AS A DASM-PREFERRED COMPANION FILE
      8  0000 ????						; PLEASE DO *NOT* REDISTRIBUTE MODIFIED VERSIONS OF THIS FILE!
      9  0000 ????						;
     10  0000 ????						; This file defines DASM macros useful for development for the Atari 2600.
     11  0000 ????						; It is distributed as a companion machine-specific support package
     12  0000 ????						; for the DASM compiler. Updates to this file, DASM, and associated tools are
     13  0000 ????						; available at at http://www.atari2600.org/dasm
     14  0000 ????						;
     15  0000 ????						; Many thanks to the people who have contributed.  If you take issue with the
     16  0000 ????						; contents, or would like to add something, please write to me
     17  0000 ????						; (atari2600@taswegian.com) with your contribution.
     18  0000 ????						;
     19  0000 ????						; Latest Revisions...
     20  0000 ????						;
     21  0000 ????						; 1.06  03/SEP/2004	 - nice revision of VERTICAL_BLANK (Edwin Blink)
     22  0000 ????						; 1.05  14/NOV/2003	 - Added VERSION_MACRO equate (which will reflect 100x version #)
     23  0000 ????						;			   This will allow conditional code to verify MACRO.H being
     24  0000 ????						;			   used for code assembly.
     25  0000 ????						; 1.04  13/NOV/2003	 - SET_POINTER macro added (16-bit address load)
     26  0000 ????						;
     27  0000 ????						; 1.03  23/JUN/2003	 - CLEAN_START macro added - clears TIA, RAM, registers
     28  0000 ????						;
     29  0000 ????						; 1.02  14/JUN/2003	 - VERTICAL_SYNC macro added
     30  0000 ????						;			   (standardised macro for vertical synch code)
     31  0000 ????						; 1.01  22/MAR/2003	 - SLEEP macro added.
     32  0000 ????						;			 - NO_ILLEGAL_OPCODES switch implemented
     33  0000 ????						; 1.0	22/MAR/2003		Initial release
     34  0000 ????
     35  0000 ????						; Note: These macros use illegal opcodes.  To disable illegal opcode usage,
     36  0000 ????						;   define the symbol NO_ILLEGAL_OPCODES (-DNO_ILLEGAL_OPCODES=1 on command-line).
     37  0000 ????						;   If you do not allow illegal opcode usage, you must include this file
     38  0000 ????						;   *after* including VCS.H (as the non-illegal opcodes access hardware
     39  0000 ????						;   registers and require them to be defined first).
     40  0000 ????
     41  0000 ????						; Available macros...
     42  0000 ????						;   SLEEP n		 - sleep for n cycles
     43  0000 ????						;   VERTICAL_SYNC	 - correct 3 scanline vertical synch code
     44  0000 ????						;   CLEAN_START	 - set machine to known state on startup
     45  0000 ????						;   SET_POINTER	 - load a 16-bit absolute to a 16-bit variable
     46  0000 ????
     47  0000 ????						;-------------------------------------------------------------------------------
     48  0000 ????						; SLEEP duration
     49  0000 ????						; Original author: Thomas Jentzsch
     50  0000 ????						; Inserts code which takes the specified number of cycles to execute.	This is
     51  0000 ????						; useful for code where precise timing is required.
     52  0000 ????						; ILLEGAL-OPCODE VERSION DOES NOT AFFECT FLAGS OR REGISTERS.
     53  0000 ????						; LEGAL OPCODE VERSION MAY AFFECT FLAGS
     54  0000 ????						; Uses illegal opcode (DASM 2.20.01 onwards).
     55  0000 ????
     56  0000 ????				      MAC	sleep
     57  0000 ????			   .CYCLES    SET	{1}
     58  0000 ????
     59  0000 ????				      IF	.CYCLES < 2
     60  0000 ????				      ECHO	"MACRO ERROR: 'SLEEP': Duration must be > 1"
     61  0000 ????				      ERR
     62  0000 ????				      ENDIF
     63  0000 ????
     64  0000 ????				      IF	.CYCLES & 1
     65  0000 ????				      IFNCONST	NO_ILLEGAL_OPCODES
     66  0000 ????				      nop	0
     67  0000 ????				      ELSE
     68  0000 ????				      bit	VSYNC
     69  0000 ????				      ENDIF
     70  0000 ????			   .CYCLES    SET	.CYCLES - 3
     71  0000 ????				      ENDIF
     72  0000 ????
     73  0000 ????				      REPEAT	.CYCLES / 2
     74  0000 ????				      nop
     75  0000 ????				      REPEND
     76  0000 ????				      ENDM		;usage: SLEEP n (n>1)
     77  0000 ????
     78  0000 ????						;-------------------------------------------------------------------------------
     79  0000 ????						; VERTICAL_SYNC
     80  0000 ????						; revised version by Edwin Blink -- saves bytes!
     81  0000 ????						; Inserts the code required for a proper 3 scanline vertical sync sequence
     82  0000 ????						; Note: Alters the accumulator
     83  0000 ????
     84  0000 ????						; OUT: A = 0
     85  0000 ????
     86  0000 ????				      MAC	vertical_sync
     87  0000 ????				      lda	#%1110	; each '1' bits generate a VSYNC ON line (bits 1..3)
     88  0000 ????			   .VSLP1     sta	WSYNC	; 1st '0' bit resets Vsync, 2nd '0' bit exit loop
     89  0000 ????				      sta	VSYNC
     90  0000 ????				      lsr
     91  0000 ????				      bne	.VSLP1	; branch until VYSNC has been reset
     92  0000 ????				      ENDM
     93  0000 ????
     94  0000 ????						;-------------------------------------------------------------------------------
     95  0000 ????						; CLEAN_START
     96  0000 ????						; Original author: Andrew Davie
     97  0000 ????						; Standardised start-up code, clears stack, all TIA registers and RAM to 0
     98  0000 ????						; Sets stack pointer to $FF, and all registers to 0
     99  0000 ????						; Sets decimal mode off, sets interrupt flag (kind of un-necessary)
    100  0000 ????						; Use as very first section of code on boot (ie: at reset)
    101  0000 ????						; Code written to minimise total ROM usage - uses weird 6502 knowledge :)
    102  0000 ????
    103  0000 ????				      MAC	clean_start
    104  0000 ????				      sei
    105  0000 ????				      cld
    106  0000 ????
    107  0000 ????				      ldx	#0
    108  0000 ????				      txa
    109  0000 ????				      tay
    110  0000 ????			   .CLEAR_STACK dex
    111  0000 ????				      txs
    112  0000 ????				      pha
    113  0000 ????				      bne	.CLEAR_STACK	; SP=$FF, X = A = Y = 0
    114  0000 ????
    115  0000 ????				      ENDM
    116  0000 ????
    117  0000 ????						;-------------------------------------------------------
    118  0000 ????						; SET_POINTER
    119  0000 ????						; Original author: Manuel Rotschkar
    120  0000 ????						;
    121  0000 ????						; Sets a 2 byte RAM pointer to an absolute address.
    122  0000 ????						;
    123  0000 ????						; Usage: SET_POINTER pointer, address
    124  0000 ????						; Example: SET_POINTER SpritePTR, SpriteData
    125  0000 ????						;
    126  0000 ????						; Note: Alters the accumulator, NZ flags
    127  0000 ????						; IN 1: 2 byte RAM location reserved for pointer
    128  0000 ????						; IN 2: absolute address
    129  0000 ????
    130  0000 ????				      MAC	set_pointer
    131  0000 ????			   .POINTER   SET	{1}
    132  0000 ????			   .ADDRESS   SET	{2}
    133  0000 ????
    134  0000 ????				      LDA	#<.ADDRESS	; Get Lowbyte of Address
    135  0000 ????				      STA	.POINTER	; Store in pointer
    136  0000 ????				      LDA	#>.ADDRESS	; Get Hibyte of Address
    137  0000 ????				      STA	.POINTER+1	; Store in pointer+1
    138  0000 ????
    139  0000 ????				      ENDM
    140  0000 ????
    141  0000 ????						;-------------------------------------------------------
    142  0000 ????						; BOUNDARY byte#
    143  0000 ????						; Original author: Denis Debro (borrowed from Bob Smith / Thomas)
    144  0000 ????						;
    145  0000 ????						; Push data to a certain position inside a page and keep count of how
    146  0000 ????						; many free bytes the programmer will have.
    147  0000 ????						;
    148  0000 ????						; eg: BOUNDARY 5    ; position at byte #5 in page
    149  0000 ????
    150  0000 ????			   .FREE_BYTES SET	0
    151  0000 ????				      MAC	boundary
    152  0000 ????				      REPEAT	256
    153  0000 ????				      IF	<. % {1} = 0
    154  0000 ????				      MEXIT
    155  0000 ????				      ELSE
    156  0000 ????			   .FREE_BYTES SET	.FREE_BYTES + 1
    157  0000 ????				      .byte	$00
    158  0000 ????				      ENDIF
    159  0000 ????				      REPEND
    160  0000 ????				      ENDM
    161  0000 ????
    162  0000 ????						;-------------------------------------------------------
    163  0000 ????						; SKIP_SCANLINES #lines
    164  0000 ????						;
    165  0000 ????						; Skip a given # of scanlines.
    166  0000 ????						; Sets the X register to zero.
    167  0000 ????
    168  0000 ????				      MAC	skip_scanlines
    169  0000 ????			   .LINES     SET	{1}
    170  0000 ????				      ldx	#.LINES
    171  0000 ????			   .vblank    sta	WSYNC
    172  0000 ????				      dex
    173  0000 ????				      bne	.vblank
    174  0000 ????				      ENDM
    175  0000 ????
    176  0000 ????						; EOF
    177  0000 ????
------- FILE src/up.asm
     33  0000 ????
     34  0000 ????						;-------------------------------------------------------------
     35  0000 ????						; Constants
     36  0000 ????						;-------------------------------------------------------------
     37  0000 ????	       00 0c	   COL_BG     =	$0C	; light grey background
     38  0000 ????	       00 c8	   COL_GREEN  =	$C8	; platform top (green)
     39  0000 ????	       00 06	   COL_GREY   =	$06	; platform underside (dark grey)
     40  0000 ????	       00 02	   COL_PLAYER =	$02	; player sprite (dark grey)
     41  0000 ????
     42  0000 ????	       00 0a	   PLAYER_X   =	10	; fixed horizontal position of the player
     43  0000 ????
     44  0000 ????	       00 0c	   HUD_LINES  =	12
     45  0000 ????	       00 06	   NUM_BANDS  =	6
     46  0000 ????	       00 08	   SPRITE_H   =	8	; sprite data rows. band = setbg 1 + gap pos 2 + entity
     47  0000 ????						;   pos 2 + sprite 14 (6 body rows x2 + 2 blank foot) +
     48  0000 ????						;   green 5 + grey 6 = 30. No dedicated air pad: the
     49  0000 ????						;   positioning lines above already show as background
     50  0000 ????						;   (gap + sprites are off there) and double as the air.
     51  0000 ????	       00 05	   BAND_GREEN =	5
     52  0000 ????	       00 06	   BAND_GREY  =	6
     53  0000 ????
     54  0000 ????	       00 08	   GAP_WIDTH  =	8	; missile gap width (NUSIZ0 = $30)
     55  0000 ????	       00 9f	   GAP_WRAP   =	159	; respawn x at the right edge (cycle-74 reaches 0..159)
     56  0000 ????	       00 0e	   FALL_LO    =	14	; gap-under-player window [FALL_LO..FALL_HI], centred on
     57  0000 ????	       00 12	   FALL_HI    =	18	;   ~15 (measured: gap fully under the player at gapX~15)
     58  0000 ????
     59  0000 ????						; entities (GRP1): one per platform, scroll right-to-left
     60  0000 ????	       00 01	   ENT_CONE   =	1	; gold collectible (+1 score)
     61  0000 ????	       00 02	   ENT_SKULL  =	2	; red hazard
     62  0000 ????	       00 1e	   COL_CONE   =	$1E	; gold / yellow
     63  0000 ????	       00 44	   COL_SKULL  =	$44	; red
     64  0000 ????	       00 98	   ENT_WRAP   =	152	; respawn x. Kept <=152 so the 8px GRP1 object never
     65  0000 ????						; reaches the wrap zone (153-159): an object there would
     66  0000 ????						; mod-160 wrap part of the sprite to the LEFT edge,
     67  0000 ????						; flashing the freshly-rerolled type at pixel 0.
     68  0000 ????	       00 20	   ENT_DELAY_MIN =	32	; off-screen wait before an entity re-enters:
     69  0000 ????	       00 7f	   ENT_DELAY_MASK =	$7f	;   ENT_DELAY_MIN + (rng & MASK) = 32..159 frames
     70  0000 ????	       00 91	   GAP_SPAWN_CLEAR =	145	; don't spawn an entity while this floor's gap is >= here
     71  0000 ????	       00 10	   ENT_DEFER  =	16	;   (it would overlap the spawn x); recheck after this many frames
     72  0000 ????
     73  0000 ????						; Scroll speed in 1/32-px fixed point. Per-frame step = (scrollFrac + scrollSpeed)
     74  0000 ????						; >> 5 whole pixels; the low 5 bits carry as the fraction. Keep SPEED_MAX <= 224
     75  0000 ????						; so scrollFrac (<=31) + scrollSpeed never overflows 8 bits.
     76  0000 ????	       00 20	   SPEED_BASE =	32	; base speed (= 1.0 px/frame)
     77  0000 ????	       00 01	   SPEED_INC  =	1	; per cone (= +0.125 px/frame; ~24 cones to top speed)
     78  0000 ????	       00 80	   SPEED_MAX  =	128	; cap (= 4.0 px/frame; <= the fall window so falls hold)
     79  0000 ????
     80  0000 ????	       00 42	   COL_GAMEOVER =	$42	; red background tint while game over
     81  0000 ????
     82  0000 ????						; HUD score (48-pixel 6-digit method, after examples/6-digit-score.asm)
     83  0000 ????	       00 03	   THREE_COPIES =	%011	; NUSIZ: 3 close copies (P0 + P1 interleaved = 6 digits)
     84  0000 ????	       00 00	   SCORE_COL  =	$00	; black digits on the grey background
     85  0000 ????	       00 24	   SCORE_SLEEP =	36	; positions the score block (RESP0/RESP1 timing)
     86  0000 ????	       00 17	   PLAYER_SLEEP =	23	; re-strobes the player P0 near PLAYER_X after the HUD
     87  0000 ????
     88  0000 ????						;-------------------------------------------------------------
     89  0000 ????						; RAM
     90  0000 ????						;-------------------------------------------------------------
     91 U00d5 ????				      SEG.U	vars
     92 U0080					      org	$80
     93 U0080
     94 U0080		       00	   playerFloor ds	1	; 0 = top tier .. 5 = bottom tier
     95 U0081		       00	   playerBandCount ds	1	; bandCount value at which to draw the player
     96 U0082		       00	   btnPrev    ds	1	; fire button state last frame (edge detect)
     97 U0083		       00	   bandCount  ds	1	; bands remaining in the visible kernel
     98 U0084		       00	   curFloor   ds	1	; floor index of the band being drawn
     99 U0085		       00	   tempOne    ds	1	; scratch for the fast divide in CalcQuickPos
    100 U0086		       00	   tempFloor  ds	1	; scratch floor index across CalcQuickPos
    101 U0087		       00 00	   sprPtr     ds	2	; pointer to current band's sprite data
    102 U0089		       00 00	   posJmp     ds	2	; indirect pointer into the missile strobe table
    103 U008b		       00 00 00 00*gapX       ds	6	; per-floor gap x position (floor 5 unused/no gap)
    104 U0091		       00 00 00 00*gapQuick   ds	6	; per-floor precomputed quickPos (HMM0 fine | delay count)
    105 U0097		       00 00 00 00*posJmpLo   ds	6	; per-floor precomputed strobe-table entry (low byte)
    106 U009d		       00 00 00 00*entType    ds	6	; per-floor entity: 0 none/hidden, 1 cone, 2 skull
    107 U00a3		       00 00 00 00*entX       ds	6	; per-floor entity x position
    108 U00a9		       00 00 00 00*entDelay   ds	6	; per-floor frames left to wait off-screen before respawn
    109 U00af		       00	   scrollSpeed ds	1	; fractional scroll speed (ramps with score)
    110 U00b0		       00	   scrollFrac ds	1	; fixed-point fractional accumulator
    111 U00b1		       00	   scrollStep ds	1	; whole pixels to scroll this frame
    112 U00b2		       00 00 00 00*entQuick   ds	6	; per-floor precomputed quickPos for the entity (GRP1)
    113 U00b8		       00 00 00 00*entJmpLo   ds	6	; per-floor precomputed strobe-table entry (low byte)
    114 U00be		       00 00	   entPtr     ds	2	; pointer to the current band's entity sprite
    115 U00c0		       00	   rng	      ds	1	; PRNG state (LFSR)
    116 U00c1		       00	   gameState  ds	1	; 0 = playing, 1 = game over
    117 U00c2		       00 00 00    scoreBCD   ds	3	; BCD score (low 4 digits shown)
    118 U00c5		       00 00	   hiScore    ds	2	; 4-digit BCD high score (persists across games)
    119 U00c7		       00	   goCnt      ds	1	; game-over text cycle: 0-119 GAMEOVER, 120-239 HInnnn
    120 U00c8		       00 00 00 00*Digit0     ds	12	; 6 font pointers (Digit0..Digit5) for the score kernel
    121 U00d4		       00	   loopCnt    ds	1	; scanline counter inside DrawDigits
    122 U00d5
    123 U00d5							;-------------------------------------------------------------
    124 U00d5							; ROM
    125 U00d5							;-------------------------------------------------------------
    126  10000 ????				       SEG	code
    127  f000					      org	$f000
    128  f000
    129  f000				   Reset
      0  f000					      CLEAN_START		; zeros all RAM (hiScore starts at 0)
      1  f000		       78		      sei
      2  f001		       d8		      cld
      3  f002
      4  f002		       a2 00		      ldx	#0
      5  f004		       8a		      txa
      6  f005		       a8		      tay
      7  f006		       ca	   .CLEAR_STACK dex
      8  f007		       9a		      txs
      9  f008		       48		      pha
     10  f009		       d0 fb		      bne	.CLEAR_STACK
     11  f00b
    131  f00b
    132  f00b							; --- one-time setup (survives a soft restart) ---
    133  f00b							; Solid, full-width playfield (held for the whole program)
    134  f00b		       a9 f0		      lda	#$F0
    135  f00d		       85 0d		      sta	PF0
    136  f00f		       a9 ff		      lda	#$FF
    137  f011		       85 0e		      sta	PF1
    138  f013		       85 0f		      sta	PF2
    139  f015		       a9 00		      lda	#0
    140  f017		       85 0a		      sta	CTRLPF	; players/missiles draw over the playfield
    141  f019
    142  f019							; Missile 0 is GAP_WIDTH wide (player stays normal width)
    143  f019		       a9 30		      lda	#$30
    144  f01b		       85 04		      sta	NUSIZ0
    145  f01d
    146  f01d							; Default every motion register to $80, the cycle-74 HMOVE "no motion"
    147  f01d							; value: the per-band cycle-74 HMOVEs re-apply ALL HMxx, and $00 there
    148  f01d							; is NOT zero motion (it would walk the object); $80 (NO_MO_74) holds
    149  f01d							; non-targeted objects still. The player P0 is (re)placed each frame in
    150  f01d							; the HUD transition; gaps/entities are placed per band.
    151  f01d		       85 2b		      sta	HMCLR
    152  f01f		       a9 80		      lda	#$80
    153  f021		       85 20		      sta	HMP0
    154  f023		       85 22		      sta	HMM0
    155  f025		       85 21		      sta	HMP1
    156  f027
    157  f027		       a9 01		      lda	#1
    158  f029		       85 c0		      sta	rng	; PRNG seed (set once; advances across games)
    159  f02b
    160  f02b							;-------------------------------------------------------------
    161  f02b							; NewGame - (re)start a round. Reached from Reset and from a game-over
    162  f02b							; restart. Resets all gameplay state but NOT hiScore (or rng).
    163  f02b							;-------------------------------------------------------------
    164  f02b				   NewGame
    165  f02b		       a9 0c		      lda	#COL_BG
    166  f02d		       85 09		      sta	COLUBK	; clear any game-over red tint
    167  f02f
    168  f02f		       a9 05		      lda	#5
    169  f031		       85 80		      sta	playerFloor	; player starts on the bottom tier
    170  f033		       a9 00		      lda	#0
    171  f035		       85 82		      sta	btnPrev
    172  f037		       85 c1		      sta	gameState
    173  f039		       85 c7		      sta	goCnt
    174  f03b		       85 c2		      sta	scoreBCD+0
    175  f03d		       85 c3		      sta	scoreBCD+1
    176  f03f		       85 c4		      sta	scoreBCD+2
    177  f041		       85 b0		      sta	scrollFrac
    178  f043		       a9 20		      lda	#SPEED_BASE
    179  f045		       85 af		      sta	scrollSpeed	; start each game at base speed (1 px/frame)
    180  f047
    181  f047							; Staggered initial gap positions (floor 5 has no gap)
    182  f047		       a9 8c		      lda	#140
    183  f049		       85 8b		      sta	gapX+0
    184  f04b		       a9 6e		      lda	#110
    185  f04d		       85 8c		      sta	gapX+1
    186  f04f		       a9 50		      lda	#80
    187  f051		       85 8d		      sta	gapX+2
    188  f053		       a9 32		      lda	#50
    189  f055		       85 8e		      sta	gapX+3
    190  f057		       a9 82		      lda	#130
    191  f059		       85 8f		      sta	gapX+4
    192  f05b		       a9 00		      lda	#0
    193  f05d		       85 90		      sta	gapX+5
    194  f05f
    195  f05f							; Entities: staggered positions and initial types (one per platform)
    196  f05f		       a9 01		      lda	#ENT_CONE
    197  f061		       85 9d		      sta	entType+0
    198  f063		       a9 02		      lda	#ENT_SKULL
    199  f065		       85 9e		      sta	entType+1
    200  f067		       a9 01		      lda	#ENT_CONE
    201  f069		       85 9f		      sta	entType+2
    202  f06b		       a9 01		      lda	#ENT_CONE
    203  f06d		       85 a0		      sta	entType+3
    204  f06f		       a9 02		      lda	#ENT_SKULL
    205  f071		       85 a1		      sta	entType+4
    206  f073		       a9 01		      lda	#ENT_CONE
    207  f075		       85 a2		      sta	entType+5
    208  f077		       a9 96		      lda	#150
    209  f079		       85 a3		      sta	entX+0
    210  f07b		       a9 5f		      lda	#95
    211  f07d		       85 a4		      sta	entX+1
    212  f07f		       a9 7d		      lda	#125
    213  f081		       85 a5		      sta	entX+2
    214  f083		       a9 41		      lda	#65
    215  f085		       85 a6		      sta	entX+3
    216  f087		       a9 23		      lda	#35
    217  f089		       85 a7		      sta	entX+4
    218  f08b		       a9 69		      lda	#105
    219  f08d		       85 a8		      sta	entX+5
    220  f08f
    221  f08f		       20 84 f3 	      jsr	GetDigitPtrs	; seed digit pointers for the first HUD
    222  f092
    223  f092							;-------------------------------------------------------------
    224  f092							; Main frame loop
    225  f092							;-------------------------------------------------------------
    226  f092				   NextFrame
    227  f092		       a9 02		      lda	#2
    228  f094		       85 01		      sta	VBLANK
      0  f096					      VERTICAL_SYNC		; 3 vsync lines (leaves A=0)
      1  f096		       a9 0e		      lda	#%1110
      2  f098		       85 02	   .VSLP1     sta	WSYNC
      3  f09a		       85 00		      sta	VSYNC
      4  f09c		       4a		      lsr
      5  f09d		       d0 f9		      bne	.VSLP1
    230  f09f		       85 2c		      sta	CXCLR	; clear collision latches for this frame
    231  f0a1
    232  f0a1							; --- position the score sprites (P0+P1, 3 copies each = 6 digits) ---
    233  f0a1							; (uses 2 of the 36 VBLANK scanlines; the rest are the WSYNC loop below)
    234  f0a1		       a9 03		      lda	#THREE_COPIES
    235  f0a3		       85 04		      sta	NUSIZ0
    236  f0a5		       85 05		      sta	NUSIZ1
    237  f0a7		       a9 00		      lda	#SCORE_COL
    238  f0a9		       85 06		      sta	COLUP0
    239  f0ab		       85 07		      sta	COLUP1
    240  f0ad		       85 02		      sta	WSYNC	; vblank line 1
      0  f0af					      SLEEP	SCORE_SLEEP
      1  f0af				   .CYCLES    SET	SCORE_SLEEP
      2  f0af
      3  f0af				  -	      IF	.CYCLES < 2
      4  f0af				  -	      ECHO	"MACRO ERROR: 'SLEEP': Duration must be > 1"
      5  f0af				  -	      ERR
      6  f0af					      ENDIF
      7  f0af
      8  f0af				  -	      IF	.CYCLES & 1
      9  f0af				  -	      IFNCONST	NO_ILLEGAL_OPCODES
     10  f0af				  -	      nop	0
     11  f0af				  -	      ELSE
     12  f0af				  -	      bit	VSYNC
     13  f0af				  -	      ENDIF
     14  f0af				  -.CYCLES    SET	.CYCLES - 3
     15  f0af					      ENDIF
     16  f0af
     17  f0af					      REPEAT	.CYCLES / 2
     18  f0af		       ea		      nop
     17  f0af					      REPEND
     18  f0b0		       ea		      nop
     17  f0b0					      REPEND
     18  f0b1		       ea		      nop
     17  f0b1					      REPEND
     18  f0b2		       ea		      nop
     17  f0b2					      REPEND
     18  f0b3		       ea		      nop
     17  f0b3					      REPEND
     18  f0b4		       ea		      nop
     17  f0b4					      REPEND
     18  f0b5		       ea		      nop
     17  f0b5					      REPEND
     18  f0b6		       ea		      nop
     17  f0b6					      REPEND
     18  f0b7		       ea		      nop
     17  f0b7					      REPEND
     18  f0b8		       ea		      nop
     17  f0b8					      REPEND
     18  f0b9		       ea		      nop
     17  f0b9					      REPEND
     18  f0ba		       ea		      nop
     17  f0ba					      REPEND
     18  f0bb		       ea		      nop
     17  f0bb					      REPEND
     18  f0bc		       ea		      nop
     17  f0bc					      REPEND
     18  f0bd		       ea		      nop
     17  f0bd					      REPEND
     18  f0be		       ea		      nop
     17  f0be					      REPEND
     18  f0bf		       ea		      nop
     17  f0bf					      REPEND
     18  f0c0		       ea		      nop
     19  f0c1					      REPEND
    242  f0c1		       85 10		      sta	RESP0	; coarse-position P0 and P1 together
    243  f0c3		       85 11		      sta	RESP1
    244  f0c5		       85 2b		      sta	HMCLR	; clear stray motion (player left HMP0=$80)
    245  f0c7		       a9 10		      lda	#$10
    246  f0c9		       85 21		      sta	HMP1	; nudge P1 so its copies interleave with P0's
    247  f0cb		       85 02		      sta	WSYNC	; vblank line 2
    248  f0cd		       85 2a		      sta	HMOVE
      0  f0cf					      SLEEP	24	; settle time after HMOVE before HMCLR
      1  f0cf				   .CYCLES    SET	24
      2  f0cf
      3  f0cf				  -	      IF	.CYCLES < 2
      4  f0cf				  -	      ECHO	"MACRO ERROR: 'SLEEP': Duration must be > 1"
      5  f0cf				  -	      ERR
      6  f0cf					      ENDIF
      7  f0cf
      8  f0cf				  -	      IF	.CYCLES & 1
      9  f0cf				  -	      IFNCONST	NO_ILLEGAL_OPCODES
     10  f0cf				  -	      nop	0
     11  f0cf				  -	      ELSE
     12  f0cf				  -	      bit	VSYNC
     13  f0cf				  -	      ENDIF
     14  f0cf				  -.CYCLES    SET	.CYCLES - 3
     15  f0cf					      ENDIF
     16  f0cf
     17  f0cf					      REPEAT	.CYCLES / 2
     18  f0cf		       ea		      nop
     17  f0cf					      REPEND
     18  f0d0		       ea		      nop
     17  f0d0					      REPEND
     18  f0d1		       ea		      nop
     17  f0d1					      REPEND
     18  f0d2		       ea		      nop
     17  f0d2					      REPEND
     18  f0d3		       ea		      nop
     17  f0d3					      REPEND
     18  f0d4		       ea		      nop
     17  f0d4					      REPEND
     18  f0d5		       ea		      nop
     17  f0d5					      REPEND
     18  f0d6		       ea		      nop
     17  f0d6					      REPEND
     18  f0d7		       ea		      nop
     17  f0d7					      REPEND
     18  f0d8		       ea		      nop
     17  f0d8					      REPEND
     18  f0d9		       ea		      nop
     17  f0d9					      REPEND
     18  f0da		       ea		      nop
     19  f0db					      REPEND
    250  f0db		       85 2b		      sta	HMCLR
    251  f0dd		       a9 01		      lda	#1
    252  f0df		       85 25		      sta	VDELP0	; vertical delay: enables the 6-digit retrigger
    253  f0e1		       85 26		      sta	VDELP1
    254  f0e3
    255  f0e3		       a2 22		      ldx	#34	; remaining VBLANK lines (2 + 34 = 36)
    256  f0e5				   VBlankLoop
    257  f0e5		       85 02		      sta	WSYNC
    258  f0e7		       ca		      dex
    259  f0e8		       d0 fb		      bne	VBlankLoop
    260  f0ea
    261  f0ea		       a9 00		      lda	#0
    262  f0ec		       85 01		      sta	VBLANK	; display on
    263  f0ee
    264  f0ee							;-------------------------------------------------------------
    265  f0ee							; Visible kernel (192 lines = HUD 12 + 6 bands * 30)
    266  f0ee							;-------------------------------------------------------------
    267  f0ee							; --- HUD region: 6-digit score (12 WSYNC-exact lines) ---
    268  f0ee		       a9 0c		      lda	#COL_BG
    269  f0f0		       85 08		      sta	COLUPF	; HUD line 0: playfield invisible behind the score
    270  f0f2		       20 00 f8 	      jsr	DrawDigits	; HUD lines 1-9 (DrawDigits ends on a WSYNC)
    271  f0f5							; HUD line 10: restore game sprite state
    272  f0f5		       a9 00		      lda	#0
    273  f0f7		       85 25		      sta	VDELP0
    274  f0f9		       85 26		      sta	VDELP1
    275  f0fb		       85 05		      sta	NUSIZ1	; entity = single copy
    276  f0fd		       a9 30		      lda	#$30
    277  f0ff		       85 04		      sta	NUSIZ0	; missile 8px wide, player single copy
    278  f101		       85 02		      sta	WSYNC
    279  f103							; HUD line 11: re-place the player P0 near PLAYER_X
      0  f103					      SLEEP	PLAYER_SLEEP
      1  f103				   .CYCLES    SET	PLAYER_SLEEP
      2  f103
      3  f103				  -	      IF	.CYCLES < 2
      4  f103				  -	      ECHO	"MACRO ERROR: 'SLEEP': Duration must be > 1"
      5  f103				  -	      ERR
      6  f103					      ENDIF
      7  f103
      8  f103					      IF	.CYCLES & 1
      9  f103					      IFNCONST	NO_ILLEGAL_OPCODES
     10  f103		       04 00		      nop	0
     11  f105				  -	      ELSE
     12  f105				  -	      bit	VSYNC
     13  f105					      ENDIF
     14  f105				   .CYCLES    SET	.CYCLES - 3
     15  f105					      ENDIF
     16  f105
     17  f105					      REPEAT	.CYCLES / 2
     18  f105		       ea		      nop
     17  f105					      REPEND
     18  f106		       ea		      nop
     17  f106					      REPEND
     18  f107		       ea		      nop
     17  f107					      REPEND
     18  f108		       ea		      nop
     17  f108					      REPEND
     18  f109		       ea		      nop
     17  f109					      REPEND
     18  f10a		       ea		      nop
     17  f10a					      REPEND
     18  f10b		       ea		      nop
     17  f10b					      REPEND
     18  f10c		       ea		      nop
     17  f10c					      REPEND
     18  f10d		       ea		      nop
     17  f10d					      REPEND
     18  f10e		       ea		      nop
     19  f10f					      REPEND
    281  f10f		       85 10		      sta	RESP0
    282  f111		       a9 80		      lda	#$80
    283  f113		       85 20		      sta	HMP0	; cycle-74 no-motion so band HMOVEs hold it
    284  f115		       85 02		      sta	WSYNC
    285  f117
    286  f117							; Six platform bands
    287  f117		       a9 06		      lda	#NUM_BANDS
    288  f119		       85 83		      sta	bandCount
    289  f11b				   BandLoop
    290  f11b							; --- setbg line: background colour, player colour, missile off ---
    291  f11b		       85 02		      sta	WSYNC
    292  f11d		       a9 0c		      lda	#COL_BG
    293  f11f		       85 08		      sta	COLUPF
    294  f121		       a9 02		      lda	#COL_PLAYER
    295  f123		       85 06		      sta	COLUP0
    296  f125		       a9 00		      lda	#0
    297  f127		       85 1d		      sta	ENAM0
    298  f129
    299  f129							; floor index = NUM_BANDS - bandCount, then position the gap missile
    300  f129							; (Pos74M0 consumes exactly one scanline, HMOVE at cycle ~74)
    301  f129		       a9 06		      lda	#NUM_BANDS
    302  f12b		       38		      sec
    303  f12c		       e5 83		      sbc	bandCount
    304  f12e		       85 84		      sta	curFloor
    305  f130		       a8		      tay
    306  f131		       20 28 f2 	      jsr	Pos74M0	; position the gap missile (cycle-74)
    307  f134		       a9 80		      lda	#$80
    308  f136		       85 22		      sta	HMM0	; restore no-motion so the next HMOVE won't move it
    309  f138		       a4 84		      ldy	curFloor
    310  f13a		       20 46 f2 	      jsr	Pos74P1	; position the entity sprite GRP1 (cycle-74)
    311  f13d		       a9 80		      lda	#$80
    312  f13f		       85 21		      sta	HMP1	; restore no-motion
    313  f141
    314  f141							; pick player sprite (blank unless this is the player's band)
    315  f141		       a5 83		      lda	bandCount
    316  f143		       c5 81		      cmp	playerBandCount
    317  f145		       d0 0b		      bne	.blankSpr
      0  f147					      SET_POINTER	sprPtr, PlayerSprite
      1  f147				   .POINTER   SET	sprPtr
      2  f147				   .ADDRESS   SET	PlayerSprite
      3  f147
      4  f147		       a9 20		      LDA	#<.ADDRESS
      5  f149		       85 87		      STA	.POINTER
      6  f14b		       a9 f4		      LDA	#>.ADDRESS
      7  f14d		       85 88		      STA	.POINTER+1
      8  f14f
    319  f14f		       4c 5a f1 	      jmp	.selEnt
    320  f152				   .blankSpr
      0  f152					      SET_POINTER	sprPtr, ZeroSprite
      1  f152				   .POINTER   SET	sprPtr
      2  f152				   .ADDRESS   SET	ZeroSprite
      3  f152
      4  f152		       a9 28		      LDA	#<.ADDRESS
      5  f154		       85 87		      STA	.POINTER
      6  f156		       a9 f4		      LDA	#>.ADDRESS
      7  f158		       85 88		      STA	.POINTER+1
      8  f15a
    322  f15a				   .selEnt
    323  f15a							; entity sprite + colour for this floor's type
    324  f15a		       a4 84		      ldy	curFloor
    325  f15c		       b6 9d		      ldx	entType,y
    326  f15e		       bd 40 f4 	      lda	EntColorTable,x
    327  f161		       85 07		      sta	COLUP1
    328  f163		       bd 43 f4 	      lda	EntSprLo,x
    329  f166		       85 be		      sta	entPtr
    330  f168		       a9 f4		      lda	#>ZeroSprite
    331  f16a		       85 bf		      sta	entPtr+1
    332  f16c
    333  f16c							; sprite window: each body row (7..2) is drawn on TWO scanlines so the
    334  f16c							; player / entity / cone render at 2x height from the same 8-byte data
    335  f16c							; (the 2600 has no vertical stretch -- you just hold GRPx for 2 lines).
    336  f16c							; No pad loop: the positioning lines above already render as background.
    337  f16c		       a0 07		      ldy	#SPRITE_H-1	; 7
    338  f16e				   .sprLoop
    339  f16e		       85 02		      sta	WSYNC	; row y, 1st scanline
    340  f170		       b1 87		      lda	(sprPtr),y
    341  f172		       85 1b		      sta	GRP0
    342  f174		       b1 be		      lda	(entPtr),y
    343  f176		       85 1c		      sta	GRP1
    344  f178		       85 02		      sta	WSYNC	; row y, 2nd scanline (GRP0/GRP1 hold => 2x tall)
    345  f17a		       88		      dey
    346  f17b		       c0 01		      cpy	#1
    347  f17d		       d0 ef		      bne	.sprLoop	; rows 7..2 (the body), each twice = 12 lines
    348  f17f
    349  f17f							; two blank foot rows. Clear GRP0/GRP1 AND their VDEL "old" latches: a write
    350  f17f							; to GRP1 refreshes GRP0's old latch and vice-versa (true even with VDELP=0),
    351  f17f							; so a double sta-pair is needed. Otherwise the entity's last body row lingers
    352  f17f							; in GRP1's old latch and bleeds into the score's top row next frame, where
    353  f17f							; VDELP1=1 displays it. (The old 8-row loop cleared both latches by drawing
    354  f17f							; its two blank bottom rows; this doubled loop must do it explicitly.)
    355  f17f		       85 02		      sta	WSYNC
    356  f181		       a9 00		      lda	#0
    357  f183		       85 1b		      sta	GRP0
    358  f185		       85 1c		      sta	GRP1
    359  f187		       85 1b		      sta	GRP0
    360  f189		       85 1c		      sta	GRP1
    361  f18b		       85 02		      sta	WSYNC
    362  f18d
    363  f18d							; prepare platform rows: missile = background (so it shows as a gap),
    364  f18d							; enable the gap if this floor has one (floor 5 has none).
    365  f18d		       a9 0c		      lda	#COL_BG
    366  f18f		       85 06		      sta	COLUP0
    367  f191		       a4 84		      ldy	curFloor
    368  f193		       b9 04 f4 	      lda	GapOnTable,y
    369  f196		       85 1d		      sta	ENAM0
    370  f198
    371  f198							; green top rows
    372  f198		       85 02		      sta	WSYNC
    373  f19a		       a9 c8		      lda	#COL_GREEN
    374  f19c		       85 08		      sta	COLUPF
    375  f19e		       a2 04		      ldx	#BAND_GREEN-1
    376  f1a0				   .grnLoop
    377  f1a0		       85 02		      sta	WSYNC
    378  f1a2		       ca		      dex
    379  f1a3		       d0 fb		      bne	.grnLoop
    380  f1a5
    381  f1a5							; grey underside rows
    382  f1a5		       85 02		      sta	WSYNC
    383  f1a7		       a9 06		      lda	#COL_GREY
    384  f1a9		       85 08		      sta	COLUPF
    385  f1ab		       a2 05		      ldx	#BAND_GREY-1
    386  f1ad				   .gryLoop
    387  f1ad		       85 02		      sta	WSYNC
    388  f1af		       ca		      dex
    389  f1b0		       d0 fb		      bne	.gryLoop
    390  f1b2
    391  f1b2		       c6 83		      dec	bandCount
    392  f1b4		       f0 03		      beq	.bandsDone
    393  f1b6		       4c 1b f1 	      jmp	BandLoop	; (band body > 128 bytes, so jmp not bne)
    394  f1b9				   .bandsDone
    395  f1b9
    396  f1b9							; turn the missile off before leaving the visible area
    397  f1b9		       a9 00		      lda	#0
    398  f1bb		       85 1d		      sta	ENAM0
    399  f1bd
    400  f1bd							;-------------------------------------------------------------
    401  f1bd							; Overscan (~30 lines via timer) - game logic + positioning precompute
    402  f1bd							;-------------------------------------------------------------
    403  f1bd		       a9 02		      lda	#2
    404  f1bf		       85 01		      sta	VBLANK
    405  f1c1		       a9 23		      lda	#35
    406  f1c3		       8d 96 02 	      sta	TIM64T
    407  f1c6
    408  f1c6		       a5 c1		      lda	gameState
    409  f1c8		       d0 10		      bne	.gsFrozen
    410  f1ca							; CheckCollision must run BEFORE input/update: CXPPMM reflects the
    411  f1ca							; frame just rendered, where playerFloor still matches.
    412  f1ca		       20 ff f2 	      jsr	CheckCollision
    413  f1cd		       a5 c1		      lda	gameState
    414  f1cf		       d0 0c		      bne	.gsAfter	; just died this frame -> skip further updates
    415  f1d1		       20 6e f2 	      jsr	ReadInput
    416  f1d4		       20 83 f2 	      jsr	UpdateWorld
    417  f1d7		       4c dd f1 	      jmp	.gsAfter
    418  f1da				   .gsFrozen
    419  f1da		       20 54 f3 	      jsr	CheckRestart	; world frozen; fresh fire press restarts
    420  f1dd				   .gsAfter
    421  f1dd							; game-over text cycle: 240-frame period (120 GAMEOVER + 120 HInnnn)
    422  f1dd		       e6 c7		      inc	goCnt
    423  f1df		       a5 c7		      lda	goCnt
    424  f1e1		       c9 f0		      cmp	#240
    425  f1e3		       90 04		      bcc	.goCntOk
    426  f1e5		       a9 00		      lda	#0
    427  f1e7		       85 c7		      sta	goCnt
    428  f1e9				   .goCntOk
    429  f1e9
    430  f1e9							; Precompute each gap's quickPos + strobe-table entry (in overscan),
    431  f1e9							; so the visible kernel positions in one fixed-time scanline.
    432  f1e9		       a2 05		      ldx	#5
    433  f1eb				   .precomp
    434  f1eb							; gap (missile 0)
    435  f1eb		       b5 8b		      lda	gapX,x
    436  f1ed		       86 86		      stx	tempFloor
    437  f1ef		       20 66 f3 	      jsr	CalcQuickPos	; A = quickPos (clobbers Y, tempOne)
    438  f1f2		       a6 86		      ldx	tempFloor
    439  f1f4		       95 91		      sta	gapQuick,x
    440  f1f6		       29 0f		      and	#$0F	; low nibble = delay count = jump-table index
    441  f1f8		       a8		      tay
    442  f1f9		       b9 25 f5 	      lda	JumpTabM0,y
    443  f1fc		       95 97		      sta	posJmpLo,x
    444  f1fe							; entity (GRP1) - PosTblP1 mirrors PosTblM0, so JumpTabM0 low bytes apply
    445  f1fe		       b5 a3		      lda	entX,x
    446  f200		       86 86		      stx	tempFloor
    447  f202		       20 66 f3 	      jsr	CalcQuickPos
    448  f205		       a6 86		      ldx	tempFloor
    449  f207		       95 b2		      sta	entQuick,x
    450  f209		       29 0f		      and	#$0F
    451  f20b		       a8		      tay
    452  f20c		       b9 25 f5 	      lda	JumpTabM0,y
    453  f20f		       95 b8		      sta	entJmpLo,x
    454  f211		       ca		      dex
    455  f212		       10 d7		      bpl	.precomp
    456  f214
    457  f214							; playerBandCount = NUM_BANDS - playerFloor (for next frame's kernel)
    458  f214		       a9 06		      lda	#NUM_BANDS
    459  f216		       38		      sec
    460  f217		       e5 80		      sbc	playerFloor
    461  f219		       85 81		      sta	playerBandCount
    462  f21b
    463  f21b							; build the score's digit pointers for next frame's HUD
    464  f21b		       20 84 f3 	      jsr	GetDigitPtrs
    465  f21e
    466  f21e				   WaitOverscan
    467  f21e		       ad 84 02 	      lda	INTIM
    468  f221		       d0 fb		      bne	WaitOverscan
    469  f223		       85 02		      sta	WSYNC
    470  f225
    471  f225		       4c 92 f0 	      jmp	NextFrame
    472  f228
    473  f228							;-------------------------------------------------------------
    474  f228							; Pos74M0 - position Missile 0 at gap[curFloor] in one scanline.
    475  f228							;   IN: Y = curFloor. Uses precomputed gapQuick / posJmpLo.
    476  f228							;   Cycle-74 HMOVE: clean edge-to-edge positioning, no comb.
    477  f228							;-------------------------------------------------------------
    478  f228				   Pos74M0
    479  f228		       b9 91 00 	      lda	gapQuick,y
    480  f22b		       85 22		      sta	HMM0	; high nibble = fine motion (low nibble ignored)
    481  f22d		       29 0f		      and	#$0F
    482  f22f		       aa		      tax		; X = delay count
    483  f230		       b9 97 00 	      lda	posJmpLo,y
    484  f233		       85 89		      sta	posJmp
    485  f235		       a9 f5		      lda	#>PosTblM0
    486  f237		       85 8a		      sta	posJmp+1
    487  f239		       85 02		      sta	WSYNC
    488  f23b							; 9 cycles of dead time (matches hmove74 calibration)
    489  f23b		       ea		      nop		; 2
    490  f23c		       ea		      nop		; 2
    491  f23d		       ea		      nop		; 2
    492  f23e		       04 ea		      .byte.b	$04,$EA	; NOP zp (3 cycles)
    493  f240				   .wait74
    494  f240		       ca		      dex
    495  f241		       10 fd		      bpl	.wait74
    496  f243		       6c 89 00 	      jmp	(posJmp)	; into PosTblM0; strobes RESM0, HMOVE @ ~74, rts
    497  f246
    498  f246							;-------------------------------------------------------------
    499  f246							; Pos74P1 - position the entity sprite (GRP1) at ent[curFloor].
    500  f246							;   IN: Y = curFloor. Uses entQuick / entJmpLo. Same technique as
    501  f246							;   Pos74M0, but strobes RESP1 (PosTblP1) and uses HMP1.
    502  f246							;-------------------------------------------------------------
    503  f246				   Pos74P1
    504  f246		       b9 b2 00 	      lda	entQuick,y
    505  f249		       85 21		      sta	HMP1
    506  f24b		       29 0f		      and	#$0F
    507  f24d		       aa		      tax
    508  f24e		       b9 b8 00 	      lda	entJmpLo,y
    509  f251		       85 89		      sta	posJmp
    510  f253		       a9 f6		      lda	#>PosTblP1
    511  f255		       85 8a		      sta	posJmp+1
    512  f257		       85 02		      sta	WSYNC
    513  f259		       ea		      nop
    514  f25a		       ea		      nop
    515  f25b		       ea		      nop
    516  f25c		       04 ea		      .byte.b	$04,$EA
    517  f25e				   .wait74p
    518  f25e		       ca		      dex
    519  f25f		       10 fd		      bpl	.wait74p
    520  f261		       6c 89 00 	      jmp	(posJmp)	; into PosTblP1; strobes RESP1, HMOVE @ ~74, rts
    521  f264
    522  f264							;-------------------------------------------------------------
    523  f264							; Rng - 8-bit LFSR. Advances and returns the new value in A.
    524  f264							;-------------------------------------------------------------
    525  f264				   Rng
    526  f264		       a5 c0		      lda	rng
    527  f266		       4a		      lsr
    528  f267		       90 02		      bcc	.rngNoFb
    529  f269		       49 b4		      eor	#$B4
    530  f26b				   .rngNoFb
    531  f26b		       85 c0		      sta	rng
    532  f26d		       60		      rts
    533  f26e
    534  f26e							;-------------------------------------------------------------
    535  f26e							; ReadInput - one-button jump-up (rising edge of fire button)
    536  f26e							;-------------------------------------------------------------
    537  f26e				   ReadInput
    538  f26e		       a2 00		      ldx	#0	; assume not pressed
    539  f270		       a5 0c		      lda	INPT4
    540  f272		       30 0c		      bmi	.store	; bit7 set => not pressed
    541  f274		       a2 01		      ldx	#1	; pressed
    542  f276		       a5 82		      lda	btnPrev
    543  f278		       d0 06		      bne	.store	; held => no new press
    544  f27a		       a5 80		      lda	playerFloor
    545  f27c		       f0 02		      beq	.store	; already at top tier
    546  f27e		       c6 80		      dec	playerFloor	; jump up one tier
    547  f280				   .store
    548  f280		       86 82		      stx	btnPrev
    549  f282		       60		      rts
    550  f283
    551  f283							;-------------------------------------------------------------
    552  f283							; UpdateWorld - scroll gaps left, wrap, and fall-through check
    553  f283							;-------------------------------------------------------------
    554  f283				   UpdateWorld
    555  f283							; advance the PRNG once per frame so respawns stay varied
    556  f283		       20 64 f2 	      jsr	Rng
    557  f286
    558  f286							; Sub-pixel speed: accumulate the fractional speed; the carry is an
    559  f286							; extra whole pixel this frame, so the scroll step is 1 or 2 px.
    560  f286							; (scrollSpeed ramps with the score; see CheckCollision.)
    561  f286		       a5 b0		      lda	scrollFrac
    562  f288		       18		      clc
    563  f289		       65 af		      adc	scrollSpeed	; accumulate 1/32-px units
    564  f28b		       aa		      tax		; X = total (whole.frac)
    565  f28c		       29 1f		      and	#$1F
    566  f28e		       85 b0		      sta	scrollFrac	; carry the fraction (low 5 bits) to next frame
    567  f290		       8a		      txa
    568  f291		       4a		      lsr
    569  f292		       4a		      lsr
    570  f293		       4a		      lsr
    571  f294		       4a		      lsr
    572  f295		       4a		      lsr		; whole pixels this frame = total >> 5
    573  f296		       85 b1		      sta	scrollStep
    574  f298
    575  f298				   .scrollStep
    576  f298							; --- scroll gaps (floors 0..4 ; floor 5 has none) ---
    577  f298		       a2 04		      ldx	#4
    578  f29a				   .gapLoop
    579  f29a		       d6 8b		      dec	gapX,x
    580  f29c		       d0 04		      bne	.gapNext	; reached 0 => wrap to the right
    581  f29e		       a9 9f		      lda	#GAP_WRAP
    582  f2a0		       95 8b		      sta	gapX,x
    583  f2a2				   .gapNext
    584  f2a2		       ca		      dex
    585  f2a3		       10 f5		      bpl	.gapLoop
    586  f2a5
    587  f2a5							; --- entities: scroll, hide for a random delay, re-enter ---
    588  f2a5		       a2 05		      ldx	#5
    589  f2a7				   .entLoop
    590  f2a7		       b5 9d		      lda	entType,x
    591  f2a9		       f0 0e		      beq	.entWaiting	; type 0 = hidden, waiting to respawn
    592  f2ab		       d6 a3		      dec	entX,x
    593  f2ad		       d0 2a		      bne	.entNext
    594  f2af		       a9 00		      lda	#0
    595  f2b1		       95 9d		      sta	entType,x	; reached the edge -> hide + arm a respawn delay
    596  f2b3		       20 f4 f2 	      jsr	SetRespawnDelay
    597  f2b6		       4c d9 f2 	      jmp	.entNext
    598  f2b9				   .entWaiting
    599  f2b9		       d6 a9		      dec	entDelay,x
    600  f2bb		       d0 1c		      bne	.entNext
    601  f2bd							; delay elapsed -> respawn, but not over this floor's gap. If the gap
    602  f2bd							; is in the spawn zone, wait a little and recheck (they scroll at the
    603  f2bd							; same speed, so clearing them at spawn keeps them apart all pass).
    604  f2bd		       b5 8b		      lda	gapX,x
    605  f2bf		       c9 91		      cmp	#GAP_SPAWN_CLEAR
    606  f2c1		       90 07		      bcc	.doSpawn
    607  f2c3		       a9 10		      lda	#ENT_DEFER
    608  f2c5		       95 a9		      sta	entDelay,x
    609  f2c7		       4c d9 f2 	      jmp	.entNext
    610  f2ca				   .doSpawn
    611  f2ca		       20 64 f2 	      jsr	Rng
    612  f2cd		       29 03		      and	#3
    613  f2cf		       a8		      tay
    614  f2d0		       b9 46 f4 	      lda	EntTypeRoll,y
    615  f2d3		       95 9d		      sta	entType,x
    616  f2d5		       a9 98		      lda	#ENT_WRAP
    617  f2d7		       95 a3		      sta	entX,x
    618  f2d9				   .entNext
    619  f2d9		       ca		      dex
    620  f2da		       10 cb		      bpl	.entLoop
    621  f2dc
    622  f2dc		       c6 b1		      dec	scrollStep
    623  f2de		       d0 b8		      bne	.scrollStep	; run the scroll 1 or 2 times this frame
    624  f2e0
    625  f2e0							; --- fall-through (once per frame): gap under the player? ---
    626  f2e0		       a5 80		      lda	playerFloor
    627  f2e2		       c9 05		      cmp	#5
    628  f2e4		       b0 0d		      bcs	.noFall	; bottom tier is solid/safe
    629  f2e6		       aa		      tax
    630  f2e7		       b5 8b		      lda	gapX,x
    631  f2e9		       c9 13		      cmp	#FALL_HI+1
    632  f2eb		       b0 06		      bcs	.noFall	; gap is right of the player
    633  f2ed		       c9 0e		      cmp	#FALL_LO
    634  f2ef		       90 02		      bcc	.noFall	; gap is left of the player
    635  f2f1		       e6 80		      inc	playerFloor	; fall down one tier
    636  f2f3				   .noFall
    637  f2f3		       60		      rts
    638  f2f4
    639  f2f4							;-------------------------------------------------------------
    640  f2f4							; SetRespawnDelay - arm entDelay[X] with a randomised off-screen wait.
    641  f2f4							;-------------------------------------------------------------
    642  f2f4				   SetRespawnDelay
    643  f2f4		       20 64 f2 	      jsr	Rng
    644  f2f7		       29 7f		      and	#ENT_DELAY_MASK
    645  f2f9		       18		      clc
    646  f2fa		       69 20		      adc	#ENT_DELAY_MIN
    647  f2fc		       95 a9		      sta	entDelay,x
    648  f2fe		       60		      rts
    649  f2ff
    650  f2ff							;-------------------------------------------------------------
    651  f2ff							; CheckCollision - player vs the entity on the player's floor.
    652  f2ff							;   cone  -> +1 to the BCD score, entity consumed.
    653  f2ff							;   skull -> game over (freeze + red background).
    654  f2ff							;-------------------------------------------------------------
    655  f2ff				   CheckCollision
    656  f2ff		       a5 07		      lda	CXPPMM
    657  f301		       10 50		      bpl	.ccDone	; bit7 (P0-P1) clear -> player didn't touch an entity
    658  f303							; player's GRP0 only draws on its own floor, so a P0-P1 hit is the
    659  f303							; entity on playerFloor. Act on its type.
    660  f303		       a6 80		      ldx	playerFloor
    661  f305		       b5 9d		      lda	entType,x
    662  f307		       f0 4a		      beq	.ccDone	; guard: no entity here
    663  f309		       c9 02		      cmp	#ENT_SKULL
    664  f30b		       f0 28		      beq	.ccSkull
    665  f30d							; cone collected: +1 (BCD). GetDigitPtrs shows scoreBCD+2 as the
    666  f30d							; leftmost (most-significant) digits, so the +1 must land on the
    667  f30d							; least-significant byte scoreBCD+0 and carry up toward +2.
    668  f30d		       f8		      sed
    669  f30e		       a5 c2		      lda	scoreBCD+0
    670  f310		       18		      clc
    671  f311		       69 01		      adc	#1
    672  f313		       85 c2		      sta	scoreBCD+0
    673  f315		       a5 c3		      lda	scoreBCD+1
    674  f317		       69 00		      adc	#0
    675  f319		       85 c3		      sta	scoreBCD+1
    676  f31b		       a5 c4		      lda	scoreBCD+2
    677  f31d		       69 00		      adc	#0
    678  f31f		       85 c4		      sta	scoreBCD+2
    679  f321		       d8		      cld
    680  f322		       a9 00		      lda	#0
    681  f324		       95 9d		      sta	entType,x	; cone consumed
    682  f326		       20 f4 f2 	      jsr	SetRespawnDelay	; wait before a new entity enters this floor
    683  f329							; ramp the scroll speed (sub-pixel speed-up with score)
    684  f329		       a5 af		      lda	scrollSpeed
    685  f32b		       c9 80		      cmp	#SPEED_MAX
    686  f32d		       b0 24		      bcs	.ccDone	; already at max
    687  f32f		       18		      clc
    688  f330		       69 01		      adc	#SPEED_INC
    689  f332		       85 af		      sta	scrollSpeed
    690  f334		       60		      rts
    691  f335				   .ccSkull
    692  f335		       a9 01		      lda	#1
    693  f337		       85 c1		      sta	gameState
    694  f339		       a9 42		      lda	#COL_GAMEOVER
    695  f33b		       85 09		      sta	COLUBK	; red tint; NewGame restores COL_BG on restart
    696  f33d							; high score = max(hiScore, score) over the low 4 digits
    697  f33d		       a5 c3		      lda	scoreBCD+1
    698  f33f		       c5 c6		      cmp	hiScore+1
    699  f341		       90 10		      bcc	.ccDone	; score's high pair < hiScore's
    700  f343		       d0 06		      bne	.ccNewHi	; score's high pair > hiScore's
    701  f345		       a5 c2		      lda	scoreBCD+0
    702  f347		       c5 c5		      cmp	hiScore+0
    703  f349		       90 08		      bcc	.ccDone	; equal high pair, low pair lower
    704  f34b				   .ccNewHi
    705  f34b		       a5 c2		      lda	scoreBCD+0
    706  f34d		       85 c5		      sta	hiScore+0
    707  f34f		       a5 c3		      lda	scoreBCD+1
    708  f351		       85 c6		      sta	hiScore+1
    709  f353				   .ccDone
    710  f353		       60		      rts
    711  f354
    712  f354							;-------------------------------------------------------------
    713  f354							; CheckRestart - during game over, a fresh fire press restarts.
    714  f354							;-------------------------------------------------------------
    715  f354				   CheckRestart
    716  f354		       a2 00		      ldx	#0
    717  f356		       a5 0c		      lda	INPT4
    718  f358		       30 09		      bmi	.crStore	; not pressed
    719  f35a		       a2 01		      ldx	#1
    720  f35c		       a5 82		      lda	btnPrev
    721  f35e		       d0 03		      bne	.crStore	; held since last frame -> no edge
    722  f360		       4c 2b f0 	      jmp	NewGame	; fresh press -> restart (keeps hiScore)
    723  f363				   .crStore
    724  f363		       86 82		      stx	btnPrev
    725  f365		       60		      rts
    726  f366
    727  f366							;-------------------------------------------------------------
    728  f366							; CalcQuickPos - A = x (0..159) -> A = quickPos
    729  f366							;   quickPos = (HMOVE fine nibble << 4) | delay count (low nibble).
    730  f366							;   Fast divide-by-15 + tables, from examples/hmove74.asm. Uses Y, tempOne.
    731  f366							;-------------------------------------------------------------
    732  f366				   CalcQuickPos
    733  f366		       85 85		      sta	tempOne
    734  f368		       4a		      lsr
    735  f369		       69 04		      adc	#4
    736  f36b		       4a		      lsr
    737  f36c		       4a		      lsr
    738  f36d		       4a		      lsr
    739  f36e		       65 85		      adc	tempOne
    740  f370		       6a		      ror
    741  f371		       4a		      lsr
    742  f372		       4a		      lsr
    743  f373		       4a		      lsr
    744  f374		       a8		      tay		; Y = x / 15
    745  f375		       b9 0a f4 	      lda	MultTab,y
    746  f378		       38		      sec
    747  f379		       e5 85		      sbc	tempOne
    748  f37b		       0a		      asl
    749  f37c		       0a		      asl
    750  f37d		       0a		      asl
    751  f37e		       0a		      asl
    752  f37f		       18		      clc
    753  f380		       79 15 f4 	      adc	DelayTab,y
    754  f383		       60		      rts
    755  f384
    756  f384							;-------------------------------------------------------------
    757  f384							; GetDigitPtrs - build the 6 font pointers (Digit0..Digit5) from the
    758  f384							;   3-byte BCD score. Each nibble * 8 = offset into FontTable.
    759  f384							;   (After examples/6-digit-score.asm.)
    760  f384							;-------------------------------------------------------------
    761  f384				   GetDigitPtrs
    762  f384		       a5 c1		      lda	gameState
    763  f386		       d0 26		      bne	.goText
    764  f388							; --- playing: score "__nnnn" (blank leftmost two, low 4 BCD digits) ---
    765  f388		       a9 50		      lda	#<BlankGlyph
    766  f38a		       85 c8		      sta	Digit0+0
    767  f38c		       85 ca		      sta	Digit0+2
    768  f38e		       a2 04		      ldx	#4
    769  f390		       a0 01		      ldy	#1
    770  f392				   .gdpLoop
    771  f392		       b9 c2 00 	      lda	scoreBCD,y
    772  f395		       29 f0		      and	#$f0	; high nibble * 16
    773  f397		       4a		      lsr		; -> * 8
    774  f398		       95 c8		      sta	Digit0,x
    775  f39a		       e8		      inx
    776  f39b		       e8		      inx
    777  f39c		       b9 c2 00 	      lda	scoreBCD,y
    778  f39f		       29 0f		      and	#$0f	; low nibble
    779  f3a1		       0a		      asl
    780  f3a2		       0a		      asl
    781  f3a3		       0a		      asl		; * 8
    782  f3a4		       95 c8		      sta	Digit0,x
    783  f3a6		       e8		      inx
    784  f3a7		       e8		      inx
    785  f3a8		       88		      dey
    786  f3a9		       10 e7		      bpl	.gdpLoop
    787  f3ab		       4c f5 f3 	      jmp	.setHi
    788  f3ae				   .goText
    789  f3ae							; --- game over: alternate "GAMEOVER" and "HInnnn" every 120 frames ---
    790  f3ae		       a5 c7		      lda	goCnt
    791  f3b0		       c9 78		      cmp	#120
    792  f3b2		       b0 1c		      bcs	.goHi	; goCnt 120-239 -> HInnnn
    793  f3b4							; "GAMEOVER" packed across the 6 glyph slots
    794  f3b4		       a9 58		      lda	#<GameOverGlyphs
    795  f3b6		       85 c8		      sta	Digit0+0
    796  f3b8		       18		      clc
    797  f3b9		       69 08		      adc	#8
    798  f3bb		       85 ca		      sta	Digit0+2
    799  f3bd		       69 08		      adc	#8
    800  f3bf		       85 cc		      sta	Digit0+4
    801  f3c1		       69 08		      adc	#8
    802  f3c3		       85 ce		      sta	Digit0+6
    803  f3c5		       69 08		      adc	#8
    804  f3c7		       85 d0		      sta	Digit0+8
    805  f3c9		       69 08		      adc	#8
    806  f3cb		       85 d2		      sta	Digit0+10
    807  f3cd		       4c f5 f3 	      jmp	.setHi
    808  f3d0				   .goHi
    809  f3d0							; "HI" + the 4-digit high score
    810  f3d0		       a9 88		      lda	#<LetterH
    811  f3d2		       85 c8		      sta	Digit0+0
    812  f3d4		       a9 90		      lda	#<LetterI
    813  f3d6		       85 ca		      sta	Digit0+2
    814  f3d8		       a2 04		      ldx	#4
    815  f3da		       a0 01		      ldy	#1
    816  f3dc				   .goHiLoop
    817  f3dc		       b9 c5 00 	      lda	hiScore,y
    818  f3df		       29 f0		      and	#$f0
    819  f3e1		       4a		      lsr
    820  f3e2		       95 c8		      sta	Digit0,x
    821  f3e4		       e8		      inx
    822  f3e5		       e8		      inx
    823  f3e6		       b9 c5 00 	      lda	hiScore,y
    824  f3e9		       29 0f		      and	#$0f
    825  f3eb		       0a		      asl
    826  f3ec		       0a		      asl
    827  f3ed		       0a		      asl
    828  f3ee		       95 c8		      sta	Digit0,x
    829  f3f0		       e8		      inx
    830  f3f1		       e8		      inx
    831  f3f2		       88		      dey
    832  f3f3		       10 e7		      bpl	.goHiLoop
    833  f3f5				   .setHi
    834  f3f5							; every glyph lives in the FontTable page, so all hi bytes are the same
    835  f3f5		       a9 f7		      lda	#>FontTable
    836  f3f7		       85 c9		      sta	Digit0+1
    837  f3f9		       85 cb		      sta	Digit0+3
    838  f3fb		       85 cd		      sta	Digit0+5
    839  f3fd		       85 cf		      sta	Digit0+7
    840  f3ff		       85 d1		      sta	Digit0+9
    841  f401		       85 d3		      sta	Digit0+11
    842  f403		       60		      rts
    843  f404
    844  f404							;-------------------------------------------------------------
    845  f404							; Tables
    846  f404							;-------------------------------------------------------------
    847  f404							; ENAM0 enable byte per floor (bit1 = enable). Floor 5 = no gap.
    848  f404				   GapOnTable
    849  f404		       02 02 02 02*	      .byte.b	2,2,2,2,2,0
    850  f40a
    851  f40a							; quickPos divide tables (from examples/hmove74.asm)
    852  f40a				   MultTab
    853  f40a		       e7 f6 05 14*	      .byte.b	-25,-10,5,20,35,50,65,80,95,110,-21
    854  f415				   DelayTab
    855  f415		       01 02 03 04*	      .byte.b	1,2,3,4,5,6,7,8,9,10,0
    856  f420
    857  f420							; Player sprite (stored bottom row first; index 7 = top row)
    858  f420				   PlayerSprite
    859  f420		       00		      .byte.b	%00000000	; offset 0 (bottom)
    860  f421		       00		      .byte.b	%00000000
    861  f422		       48		      .byte.b	%01001000	;  l  l
    862  f423		       48		      .byte.b	%01001000	;  l  l
    863  f424		       fc		      .byte.b	%11111100	; llllll
    864  f425		       d4		      .byte.b	%11010100	; ll l l
    865  f426		       d4		      .byte.b	%11010100	; ll l l
    866  f427		       fc		      .byte.b	%11111100	; llllll  (offset 7, top)
    867  f428
    868  f428				   ZeroSprite
    869  f428		       00 00 00 00*	      .byte.b	0,0,0,0,0,0,0,0
    870  f430
    871  f430							; Cone (gold) - narrow top widening to a base. Bottom row first.
    872  f430							; Bit 7 (leftmost column) is always blank so the entity is invisible at
    873  f430							; the wrap position (entX=159), hiding the respawn type change.
    874  f430				   ConeSprite
    875  f430		       00		      .byte.b	%00000000
    876  f431		       00		      .byte.b	%00000000
    877  f432		       7e		      .byte.b	%01111110	; wide base
    878  f433		       7e		      .byte.b	%01111110
    879  f434		       3c		      .byte.b	%00111100
    880  f435		       3c		      .byte.b	%00111100
    881  f436		       18		      .byte.b	%00011000
    882  f437		       18		      .byte.b	%00011000	; point (top)
    883  f438
    884  f438							; Skull (red) - rounded blob with an eye gap. Bottom row first.
    885  f438				   SkullSprite
    886  f438		       00		      .byte.b	%00000000
    887  f439		       00		      .byte.b	%00000000
    888  f43a		       18		      .byte.b	%00011000
    889  f43b		       3c		      .byte.b	%00111100
    890  f43c		       24		      .byte.b	%00100100	; eyes
    891  f43d		       3c		      .byte.b	%00111100
    892  f43e		       3c		      .byte.b	%00111100
    893  f43f		       18		      .byte.b	%00011000	; top
    894  f440
    895  f440							; Entity lookups indexed by entType (0 none, 1 cone, 2 skull)
    896  f440				   EntColorTable
    897  f440		       00 1e 44 	      .byte.b	$00, COL_CONE, COL_SKULL
    898  f443				   EntSprLo
    899  f443		       28 30 38 	      .byte.b	<ZeroSprite, <ConeSprite, <SkullSprite
    900  f446							; Respawn type roll, indexed by (rng & 3): 50/50 cone / skull
    901  f446				   EntTypeRoll
    902  f446		       01 01 02 02	      .byte.b	ENT_CONE, ENT_CONE, ENT_SKULL, ENT_SKULL
    903  f44a
    904  f44a							;-------------------------------------------------------------
    905  f44a							; Missile-0 cycle-74 strobe table (must stay within one page).
    906  f44a							;   Each entry strobes RESM0; the $1C (NOP abs) swallows the next
    907  f44a							;   entry's `sta RESM0`, so only the jumped-to strobe executes, then
    908  f44a							;   execution falls through to `sta HMOVE` at cycle ~74.
    909  f44a							;-------------------------------------------------------------
    910  f500					      org	$f500
    911  f500				   PosTblM0
    912  f500				   pM0_3
    913  f500		       85 12		      sta	RESM0
    914  f502		       1c		      .byte.b	$1C
    915  f503				   pM0_15
    916  f503		       85 12		      sta	RESM0
    917  f505		       1c		      .byte.b	$1C
    918  f506				   pM0_30
    919  f506		       85 12		      sta	RESM0
    920  f508		       1c		      .byte.b	$1C
    921  f509				   pM0_45
    922  f509		       85 12		      sta	RESM0
    923  f50b		       1c		      .byte.b	$1C
    924  f50c				   pM0_60
    925  f50c		       85 12		      sta	RESM0
    926  f50e		       1c		      .byte.b	$1C
    927  f50f				   pM0_75
    928  f50f		       85 12		      sta	RESM0
    929  f511		       1c		      .byte.b	$1C
    930  f512				   pM0_90
    931  f512		       85 12		      sta	RESM0
    932  f514		       1c		      .byte.b	$1C
    933  f515				   pM0_105
    934  f515		       85 12		      sta	RESM0
    935  f517		       1c		      .byte.b	$1C
    936  f518				   pM0_120
    937  f518		       85 12		      sta	RESM0
    938  f51a		       1c		      .byte.b	$1C
    939  f51b				   pM0_135
    940  f51b		       85 12		      sta	RESM0
    941  f51d		       1c		      .byte.b	$1C
    942  f51e				   pM0_150
    943  f51e		       85 12		      sta	RESM0
    944  f520		       85 2a		      sta	HMOVE
    945  f522		       85 02		      sta	WSYNC	; re-align: the positioning line ends here so the
    946  f524		       60		      rts		; band keeps an exact, identical scanline budget
    947  f525
    948  f525				   JumpTabM0
    949  f525		       00 03 06 09*	      .byte.b	<pM0_3, <pM0_15, <pM0_30, <pM0_45, <pM0_60, <pM0_75
    950  f52b		       12 15 18 1b*	      .byte.b	<pM0_90, <pM0_105, <pM0_120, <pM0_135, <pM0_150
    951  f530
    952  f530							;-------------------------------------------------------------
    953  f530							; Player-1 (GRP1) cycle-74 strobe table. Placed at $f600 so its
    954  f530							; entries share the SAME low bytes as PosTblM0 ($f500) -> JumpTabM0
    955  f530							; works for both; Pos74P1 just uses the $f6 high byte.
    956  f530							;-------------------------------------------------------------
    957  f600					      org	$f600
    958  f600				   PosTblP1
    959  f600				   pP1_3
    960  f600		       85 11		      sta	RESP1
    961  f602		       1c		      .byte.b	$1C
    962  f603				   pP1_15
    963  f603		       85 11		      sta	RESP1
    964  f605		       1c		      .byte.b	$1C
    965  f606				   pP1_30
    966  f606		       85 11		      sta	RESP1
    967  f608		       1c		      .byte.b	$1C
    968  f609				   pP1_45
    969  f609		       85 11		      sta	RESP1
    970  f60b		       1c		      .byte.b	$1C
    971  f60c				   pP1_60
    972  f60c		       85 11		      sta	RESP1
    973  f60e		       1c		      .byte.b	$1C
    974  f60f				   pP1_75
    975  f60f		       85 11		      sta	RESP1
    976  f611		       1c		      .byte.b	$1C
    977  f612				   pP1_90
    978  f612		       85 11		      sta	RESP1
    979  f614		       1c		      .byte.b	$1C
    980  f615				   pP1_105
    981  f615		       85 11		      sta	RESP1
    982  f617		       1c		      .byte.b	$1C
    983  f618				   pP1_120
    984  f618		       85 11		      sta	RESP1
    985  f61a		       1c		      .byte.b	$1C
    986  f61b				   pP1_135
    987  f61b		       85 11		      sta	RESP1
    988  f61d		       1c		      .byte.b	$1C
    989  f61e				   pP1_150
    990  f61e		       85 11		      sta	RESP1
    991  f620		       85 2a		      sta	HMOVE
    992  f622		       85 02		      sta	WSYNC
    993  f624		       60		      rts
    994  f625
    995  f625							;-------------------------------------------------------------
    996  f625							; FontTable - 8x8 bitmaps for digits 0-9 (page-aligned so each
    997  f625							; digit's 8 bytes never cross a page). From examples/6-digit-score.asm.
    998  f625							;-------------------------------------------------------------
    999  f700		       00 00 00 00*	      align	$100
   1000  f700				   FontTable
   1001  f700		       00 1c 32 63*	      .byte.b	$00,$1c,$32,$63,$63,$63,$26,$1c
   1002  f708		       00 3f 0c 0c*	      .byte.b	$00,$3f,$0c,$0c,$0c,$0c,$1c,$0c
   1003  f710		       00 7f 70 3c*	      .byte.b	$00,$7f,$70,$3c,$1e,$07,$63,$3e
   1004  f718		       00 3e 63 03*	      .byte.b	$00,$3e,$63,$03,$1e,$0c,$06,$3f
   1005  f720		       00 06 06 7f*	      .byte.b	$00,$06,$06,$7f,$66,$36,$1e,$0e
   1006  f728		       00 3e 63 03*	      .byte.b	$00,$3e,$63,$03,$03,$7e,$60,$7e
   1007  f730		       00 3e 63 63*	      .byte.b	$00,$3e,$63,$63,$7e,$60,$30,$1e
   1008  f738		       00 18 18 18*	      .byte.b	$00,$18,$18,$18,$0c,$06,$63,$7f
   1009  f740		       00 3e 43 4f*	      .byte.b	$00,$3e,$43,$4f,$3c,$72,$62,$3c
   1010  f748		       00 3c 06 03*	      .byte.b	$00,$3c,$06,$03,$3f,$63,$63,$3e
   1011  f750				   BlankGlyph
   1012  f750		       00 00 00 00*	      .byte.b	$00,$00,$00,$00,$00,$00,$00,$00
   1013  f758
   1014  f758							; "GAMEOVER" packed across 6 glyph slots (8 letters in 48px). User-supplied,
   1015  f758							; with each glyph's 8 bytes reversed to the kernel's bottom-row-first order.
   1016  f758				   GameOverGlyphs
   1017  f758		       00 79 cd cd*	      .byte.b	$00,$79,$cd,$cd,$dd,$c1,$c1,$78
   1018  f760		       00 b6 b6 f6*	      .byte.b	$00,$b6,$b6,$f6,$b7,$b7,$b6,$e4
   1019  f768		       00 37 36 b6*	      .byte.b	$00,$37,$36,$b6,$f7,$76,$36,$17
   1020  f770		       00 9c 36 36*	      .byte.b	$00,$9c,$36,$36,$b6,$36,$36,$9c
   1021  f778		       00 23 73 db*	      .byte.b	$00,$23,$73,$db,$db,$db,$db,$db
   1022  f780		       00 db 1b 1e*	      .byte.b	$00,$db,$1b,$1e,$db,$1b,$1b,$de
   1023  f788
   1024  f788							; "H" and "I" for the HInnnn high-score frame (digit-font orientation:
   1025  f788							; byte order is bottom row first, top row last; 7px wide).
   1026  f788				   LetterH
   1027  f788		       00 63 63 63*	      .byte.b	$00,$63,$63,$63,$7f,$63,$63,$63
   1028  f790				   LetterI
   1029  f790		       00 3c 18 18*	      .byte.b	$00,$3c,$18,$18,$18,$18,$18,$3c
   1030  f798
   1031  f798							;-------------------------------------------------------------
   1032  f798							; DrawDigits - render the 48x8 score from Digit0..Digit5 pointers.
   1033  f798							; Page-aligned so BigLoop's branch stays in-page (exact 76-cycle rows).
   1034  f798							; After examples/6-digit-score.asm (Temp -> tempOne, LoopCount -> loopCnt).
   1035  f798							;-------------------------------------------------------------
   1036  f800		       00 00 00 00*	      align	$100
   1037  f800				   DrawDigits
   1038  f800		       a9 07		      lda	#7
   1039  f802		       85 d4		      sta	loopCnt
   1040  f804		       85 02		      sta	WSYNC
      0  f806					      SLEEP	60
      1  f806				   .CYCLES    SET	60
      2  f806
      3  f806				  -	      IF	.CYCLES < 2
      4  f806				  -	      ECHO	"MACRO ERROR: 'SLEEP': Duration must be > 1"
      5  f806				  -	      ERR
      6  f806					      ENDIF
      7  f806
      8  f806				  -	      IF	.CYCLES & 1
      9  f806				  -	      IFNCONST	NO_ILLEGAL_OPCODES
     10  f806				  -	      nop	0
     11  f806				  -	      ELSE
     12  f806				  -	      bit	VSYNC
     13  f806				  -	      ENDIF
     14  f806				  -.CYCLES    SET	.CYCLES - 3
     15  f806					      ENDIF
     16  f806
     17  f806					      REPEAT	.CYCLES / 2
     18  f806		       ea		      nop
     17  f806					      REPEND
     18  f807		       ea		      nop
     17  f807					      REPEND
     18  f808		       ea		      nop
     17  f808					      REPEND
     18  f809		       ea		      nop
     17  f809					      REPEND
     18  f80a		       ea		      nop
     17  f80a					      REPEND
     18  f80b		       ea		      nop
     17  f80b					      REPEND
     18  f80c		       ea		      nop
     17  f80c					      REPEND
     18  f80d		       ea		      nop
     17  f80d					      REPEND
     18  f80e		       ea		      nop
     17  f80e					      REPEND
     18  f80f		       ea		      nop
     17  f80f					      REPEND
     18  f810		       ea		      nop
     17  f810					      REPEND
     18  f811		       ea		      nop
     17  f811					      REPEND
     18  f812		       ea		      nop
     17  f812					      REPEND
     18  f813		       ea		      nop
     17  f813					      REPEND
     18  f814		       ea		      nop
     17  f814					      REPEND
     18  f815		       ea		      nop
     17  f815					      REPEND
     18  f816		       ea		      nop
     17  f816					      REPEND
     18  f817		       ea		      nop
     17  f817					      REPEND
     18  f818		       ea		      nop
     17  f818					      REPEND
     18  f819		       ea		      nop
     17  f819					      REPEND
     18  f81a		       ea		      nop
     17  f81a					      REPEND
     18  f81b		       ea		      nop
     17  f81b					      REPEND
     18  f81c		       ea		      nop
     17  f81c					      REPEND
     18  f81d		       ea		      nop
     17  f81d					      REPEND
     18  f81e		       ea		      nop
     17  f81e					      REPEND
     18  f81f		       ea		      nop
     17  f81f					      REPEND
     18  f820		       ea		      nop
     17  f820					      REPEND
     18  f821		       ea		      nop
     17  f821					      REPEND
     18  f822		       ea		      nop
     17  f822					      REPEND
     18  f823		       ea		      nop
     19  f824					      REPEND
   1042  f824				   .bigLoop
   1043  f824		       a4 d4		      ldy	loopCnt	; counts 7..0
   1044  f826		       b1 c8		      lda	(Digit0),y
   1045  f828		       85 1b		      sta	GRP0
   1046  f82a		       b1 ca		      lda	(Digit0+2),y
   1047  f82c		       85 1c		      sta	GRP1
   1048  f82e		       c5 00		      cmp	$00
   1049  f830		       c5 00		      cmp	$00
   1050  f832		       b1 cc		      lda	(Digit0+4),y
   1051  f834		       85 1b		      sta	GRP0
   1052  f836		       b1 d2		      lda	(Digit0+10),y
   1053  f838		       85 85		      sta	tempOne
   1054  f83a		       b1 d0		      lda	(Digit0+8),y
   1055  f83c		       aa		      tax
   1056  f83d		       b1 ce		      lda	(Digit0+6),y
   1057  f83f		       a4 85		      ldy	tempOne
   1058  f841		       85 1c		      sta	GRP1
   1059  f843		       86 1b		      stx	GRP0
   1060  f845		       84 1c		      sty	GRP1
   1061  f847		       85 1b		      sta	GRP0
   1062  f849		       c6 d4		      dec	loopCnt
   1063  f84b		       10 d7		      bpl	.bigLoop
   1064  f84d		       a9 00		      lda	#0
   1065  f84f		       85 1b		      sta	GRP0
   1066  f851		       85 1c		      sta	GRP1
   1067  f853		       85 1b		      sta	GRP0
   1068  f855		       85 1c		      sta	GRP1
   1069  f857		       85 02		      sta	WSYNC	; align: DrawDigits is exactly 9 scanlines
   1070  f859		       60		      rts
   1071  f85a
   1072  f85a							;-------------------------------------------------------------
   1073  f85a							; Vectors
   1074  f85a							;-------------------------------------------------------------
   1075  fffc					      org	$fffc
   1076  fffc		       00 f0		      .word.w	Reset
   1077  fffe		       00 f0		      .word.w	Reset
